0 info it worked if it ends with ok
1 verbose cli [ '/usr/bin/nodejs', '/usr/bin/npm', 'i', '-g', 'bower' ]
2 info using npm@2.15.11
3 info using node@v4.8.2
4 verbose install initial load of /usr/lib/package.json
5 verbose readDependencies loading dependencies from /usr/lib/package.json
6 silly cache add args [ 'bower', null ]
7 verbose cache add spec bower
8 silly cache add parsed spec Result {
8 silly cache add   raw: 'bower',
8 silly cache add   scope: null,
8 silly cache add   name: 'bower',
8 silly cache add   rawSpec: '',
8 silly cache add   spec: 'latest',
8 silly cache add   type: 'tag' }
9 silly addNamed bower@latest
10 verbose addNamed "latest" is being treated as a dist-tag for bower
11 info addNameTag [ 'bower', 'latest' ]
12 silly mapToRegistry name bower
13 silly mapToRegistry using default registry
14 silly mapToRegistry registry https://registry.npmjs.org/
15 silly mapToRegistry data Result {
15 silly mapToRegistry   raw: 'bower',
15 silly mapToRegistry   scope: null,
15 silly mapToRegistry   name: 'bower',
15 silly mapToRegistry   rawSpec: '',
15 silly mapToRegistry   spec: 'latest',
15 silly mapToRegistry   type: 'tag' }
16 silly mapToRegistry uri https://registry.npmjs.org/bower
17 verbose addNameTag registry:https://registry.npmjs.org/bower not in flight; fetching
18 verbose request uri https://registry.npmjs.org/bower
19 verbose request no auth needed
20 info attempt registry request try #1 at 5:22:47 PM
21 verbose request id ada3c073aec1c5a4
22 verbose etag W/"58ec46ed-2af9d"
23 verbose lastModified Tue, 11 Apr 2017 03:01:01 GMT
24 http request GET https://registry.npmjs.org/bower
25 http 200 https://registry.npmjs.org/bower
26 verbose headers { server: 'nginx/1.10.1',
26 verbose headers   'content-type': 'application/json',
26 verbose headers   'last-modified': 'Mon, 30 Oct 2017 10:21:03 GMT',
26 verbose headers   etag: 'W/"59f6fd0f-30039"',
26 verbose headers   'content-encoding': 'gzip',
26 verbose headers   'cache-control': 'max-age=300',
26 verbose headers   'content-length': '17420',
26 verbose headers   'accept-ranges': 'bytes',
26 verbose headers   date: 'Mon, 30 Oct 2017 14:22:50 GMT',
26 verbose headers   via: '1.1 varnish',
26 verbose headers   age: '203',
26 verbose headers   connection: 'keep-alive',
26 verbose headers   'x-served-by': 'cache-ams4438-AMS',
26 verbose headers   'x-cache': 'HIT',
26 verbose headers   'x-cache-hits': '2',
26 verbose headers   'x-timer': 'S1509373371.759685,VS0,VE0',
26 verbose headers   vary: 'Accept-Encoding, Accept' }
27 silly get cb [ 200,
27 silly get   { server: 'nginx/1.10.1',
27 silly get     'content-type': 'application/json',
27 silly get     'last-modified': 'Mon, 30 Oct 2017 10:21:03 GMT',
27 silly get     etag: 'W/"59f6fd0f-30039"',
27 silly get     'content-encoding': 'gzip',
27 silly get     'cache-control': 'max-age=300',
27 silly get     'content-length': '17420',
27 silly get     'accept-ranges': 'bytes',
27 silly get     date: 'Mon, 30 Oct 2017 14:22:50 GMT',
27 silly get     via: '1.1 varnish',
27 silly get     age: '203',
27 silly get     connection: 'keep-alive',
27 silly get     'x-served-by': 'cache-ams4438-AMS',
27 silly get     'x-cache': 'HIT',
27 silly get     'x-cache-hits': '2',
27 silly get     'x-timer': 'S1509373371.759685,VS0,VE0',
27 silly get     vary: 'Accept-Encoding, Accept' } ]
28 verbose get saving bower to /home/ziad/.npm/registry.npmjs.org/bower/.cache.json
29 verbose correctMkdir /home/ziad/.npm correctMkdir not in flight; initializing
30 silly addNameTag next cb for bower with tag latest
31 silly addNamed bower@1.8.2
32 verbose addNamed "1.8.2" is a plain semver version for bower
33 warn deprecated bower@1.8.2: ...psst! Your project can stop working at any moment because its dependencies can change. Prevent this by migrating to Yarn: https://bower.io/blog/2017/how-to-migrate-away-from-bower/
34 silly mapToRegistry name bower
35 silly mapToRegistry using default registry
36 silly mapToRegistry registry https://registry.npmjs.org/
37 silly mapToRegistry data Result {
37 silly mapToRegistry   raw: 'bower',
37 silly mapToRegistry   scope: null,
37 silly mapToRegistry   name: 'bower',
37 silly mapToRegistry   rawSpec: '',
37 silly mapToRegistry   spec: 'latest',
37 silly mapToRegistry   type: 'tag' }
38 silly mapToRegistry uri https://registry.npmjs.org/bower
39 verbose addRemoteTarball https://registry.npmjs.org/bower/-/bower-1.8.2.tgz not in flight; adding
40 verbose addRemoteTarball [ 'https://registry.npmjs.org/bower/-/bower-1.8.2.tgz',
40 verbose addRemoteTarball   'adf53529c8d4af02ef24fb8d5341c1419d33e2f7' ]
41 info retry fetch attempt 1 at 5:22:51 PM
42 info attempt registry request try #1 at 5:22:51 PM
43 http fetch GET https://registry.npmjs.org/bower/-/bower-1.8.2.tgz
44 http fetch 200 https://registry.npmjs.org/bower/-/bower-1.8.2.tgz
45 silly fetchAndShaCheck shasum adf53529c8d4af02ef24fb8d5341c1419d33e2f7
46 verbose addTmpTarball /tmp/npm-6934-ffe2ca2d/registry.npmjs.org/bower/-/bower-1.8.2.tgz not in flight; adding
47 verbose addTmpTarball already have metadata; skipping unpack for bower@1.8.2
48 verbose correctMkdir /home/ziad/.npm correctMkdir not in flight; initializing
49 silly cache afterAdd bower@1.8.2
50 verbose afterAdd /home/ziad/.npm/bower/1.8.2/package/package.json not in flight; writing
51 verbose correctMkdir /home/ziad/.npm correctMkdir not in flight; initializing
52 verbose afterAdd /home/ziad/.npm/bower/1.8.2/package/package.json written
53 silly install resolved [ { name: 'bower',
53 silly install resolved     version: '1.8.2',
53 silly install resolved     description: 'The browser package manager',
53 silly install resolved     author: { name: 'Twitter' },
53 silly install resolved     license: 'MIT',
53 silly install resolved     repository: { type: 'git', url: 'git+https://github.com/bower/bower.git' },
53 silly install resolved     main: 'lib',
53 silly install resolved     bin: { bower: 'bin/bower' },
53 silly install resolved     homepage: 'http://bower.io',
53 silly install resolved     engines: { node: '>=0.10.0' },
53 silly install resolved     keywords: [ 'bower' ],
53 silly install resolved     files: [ 'bin', 'lib' ],
53 silly install resolved     bugs: { url: 'https://github.com/bower/bower/issues' },
53 silly install resolved     _id: 'bower@1.8.2',
53 silly install resolved     scripts: {},
53 silly install resolved     _shasum: 'adf53529c8d4af02ef24fb8d5341c1419d33e2f7',
53 silly install resolved     _from: 'bower@latest',
53 silly install resolved     _npmVersion: '2.15.12',
53 silly install resolved     _nodeVersion: '8.1.2',
53 silly install resolved     _npmUser: { name: 'sheerun', email: 'sheerun@sher.pl' },
53 silly install resolved     dist:
53 silly install resolved      { shasum: 'adf53529c8d4af02ef24fb8d5341c1419d33e2f7',
53 silly install resolved        tarball: 'https://registry.npmjs.org/bower/-/bower-1.8.2.tgz' },
53 silly install resolved     maintainers:
53 silly install resolved      [ [Object],
53 silly install resolved        [Object],
53 silly install resolved        [Object],
53 silly install resolved        [Object],
53 silly install resolved        [Object],
53 silly install resolved        [Object],
53 silly install resolved        [Object] ],
53 silly install resolved     _npmOperationalInternal:
53 silly install resolved      { host: 's3://npm-registry-packages',
53 silly install resolved        tmp: 'tmp/bower-1.8.2.tgz_1505321164570_0.8209205863531679' },
53 silly install resolved     directories: {},
53 silly install resolved     deprecated: '...psst! Your project can stop working at any moment because its dependencies can change. Prevent this by migrating to Yarn: https://bower.io/blog/2017/how-to-migrate-away-from-bower/',
53 silly install resolved     _resolved: 'https://registry.npmjs.org/bower/-/bower-1.8.2.tgz' } ]
54 info install bower@1.8.2 into /usr/lib
55 info installOne bower@1.8.2
56 verbose installOne of bower to /usr/lib not in flight; installing
57 verbose correctMkdir /home/ziad/.npm/_locks correctMkdir not in flight; initializing
58 verbose lock using /home/ziad/.npm/_locks/bower-f46d670cb56ecd4d.lock for /usr/lib/node_modules/bower
59 silly install write writing bower 1.8.2 to /usr/lib/node_modules/bower
60 verbose unbuild lib/node_modules/bower
61 info preuninstall bower@1.8.0
62 info uninstall bower@1.8.0
63 verbose unbuild rmStuff bower@1.8.0 from /usr/lib/node_modules
64 silly gentlyRm /usr/bin/bower is being gently removed
65 silly gentlyRm verifying /usr is an npm working directory
66 silly gentlyRm containing path /usr is under npm's control, in /usr
67 silly gentlyRm deletion target /usr/bin/bower is under /usr
68 verbose gentlyRm vacuuming from /usr/bin/bower up to /usr
69 silly vacuum-fs removing /usr/bin/bower
70 verbose unlock done using /home/ziad/.npm/_locks/bower-f46d670cb56ecd4d.lock for /usr/lib/node_modules/bower
71 verbose stack Error: EACCES: permission denied, unlink '/usr/bin/bower'
71 verbose stack     at Error (native)
72 verbose cwd /home/ziad/WHO/meerkat_frontend
73 error Linux 4.8.0-59-generic
74 error argv "/usr/bin/nodejs" "/usr/bin/npm" "i" "-g" "bower"
75 error node v4.8.2
76 error npm  v2.15.11
77 error path /usr/bin/bower
78 error code EACCES
79 error errno -13
80 error syscall unlink
81 error Error: EACCES: permission denied, unlink '/usr/bin/bower'
81 error     at Error (native)
81 error  { [Error: EACCES: permission denied, unlink '/usr/bin/bower']
81 error   errno: -13,
81 error   code: 'EACCES',
81 error   syscall: 'unlink',
81 error   path: '/usr/bin/bower' }
82 error Please try running this command again as root/Administrator.
83 verbose exit [ -13, true ]
84 verbose unbuild lib/node_modules/bower
85 info preuninstall bower@1.8.0
86 info uninstall bower@1.8.0
87 verbose unbuild rmStuff bower@1.8.0 from /usr/lib/node_modules
88 silly gentlyRm /usr/bin/bower is being gently removed
89 silly gentlyRm verifying /usr is an npm working directory
90 silly gentlyRm containing path /usr is under npm's control, in /usr
91 silly gentlyRm deletion target /usr/bin/bower is under /usr
92 verbose gentlyRm vacuuming from /usr/bin/bower up to /usr
93 silly vacuum-fs removing /usr/bin/bower
94 error error rolling back Error: EACCES: permission denied, unlink '/usr/bin/bower'
94 error error rolling back     at Error (native)
94 error error rolling back  { [Error: EACCES: permission denied, unlink '/usr/bin/bower']
94 error error rolling back   errno: -13,
94 error error rolling back   code: 'EACCES',
94 error error rolling back   syscall: 'unlink',
94 error error rolling back   path: '/usr/bin/bower' }
